
  [0m[97m[41mTypeError[0m[90m:[0m[37m [0m[97mCannot read property 'toString' of undefined[0m
[0m  [0m
[0m  [0m[90m-[0m [0m[93mMain6.js[0m[90m:[0m[93m108[0m[37m [0m[37mnumberWithCommas[0m
[0m  [0m  [0m[90m/root/web/comhoavang/build/webpack:/src/components/Partials/Main6.js:108:10[0m
[0m  [0m
[0m  [0m[90m-[0m [0m[93mMain6.js[0m[90m:[0m[93m33[0m[37m [0m[37mMain.render[0m
[0m  [0m  [0m[90m/root/web/comhoavang/build/webpack:/src/components/Partials/Main6.js:33:51[0m
[0m  [0m
[0m  [0m[90m-[0m [0m[93mReactCompositeComponent.js[0m[90m:[0m[93m796[0m[37m [0m
[0m  [0m  [0m[90m[comhoavang]/[react-dom]/lib/ReactCompositeComponent.js:796:21[0m
[0m  [0m
[0m  [0m[90m-[0m [0m[93mReactCompositeComponent.js[0m[90m:[0m[93m75[0m[37m [0m[37mmeasureLifeCyclePerf[0m
[0m  [0m  [0m[90m[comhoavang]/[react-dom]/lib/ReactCompositeComponent.js:75:12[0m
[0m  [0m
[0m  [0m[90m-[0m [0m[93mReactCompositeComponent.js[0m[90m:[0m[93m795[0m[37m [0m[37mReactCompositeComponentWrapper._renderValidat[0m  [0m  [0m[37medComponentWithoutOwnerOrContext[0m
[0m  [0m  [0m[90m[comhoavang]/[react-dom]/lib/ReactCompositeComponent.js:795:25[0m
[0m  [0m
[0m  [0m[90m-[0m [0m[93mReactCompositeComponent.js[0m[90m:[0m[93m822[0m[37m [0m[37mReactCompositeComponentWrapper._renderValidat[0m  [0m  [0m[37medComponent[0m
[0m  [0m  [0m[90m[comhoavang]/[react-dom]/lib/ReactCompositeComponent.js:822:32[0m
[0m  [0m
[0m  [0m[90m-[0m [0m[93mReactCompositeComponent.js[0m[90m:[0m[93m362[0m[37m [0m[37mReactCompositeComponentWrapper.performInitial[0m  [0m  [0m[37mMount[0m
[0m  [0m  [0m[90m[comhoavang]/[react-dom]/lib/ReactCompositeComponent.js:362:30[0m
[0m  [0m
[0m  [0m[90m-[0m [0m[93mReactCompositeComponent.js[0m[90m:[0m[93m258[0m[37m [0m[37mReactCompositeComponentWrapper.mountComponent[0m  [0m  [0m[90m[comhoavang]/[react-dom]/lib/ReactCompositeComponent.js:258:21[0m
[0m  [0m
[0m  [0m[90m-[0m [0m[93mReactReconciler.js[0m[90m:[0m[93m46[0m[37m [0m[37mObject.mountComponent[0m
[0m  [0m  [0m[90m[comhoavang]/[react-dom]/lib/ReactReconciler.js:46:35[0m
[0m  [0m
[0m  [0m[90m-[0m [0m[93mReactMultiChild.js[0m[90m:[0m[93m238[0m[37m [0m[37mReactDOMComponent.mountChildren[0m
[0m  [0m  [0m[90m[comhoavang]/[react-dom]/lib/ReactMultiChild.js:238:44[0m
[0m  [0m
[0m  [0m[90m-[0m [0m[93mReactDOMComponent.js[0m[90m:[0m[93m653[0m[37m [0m[37mReactDOMComponent._createContentMarkup[0m
[0m  [0m  [0m[90m[comhoavang]/[react-dom]/lib/ReactDOMComponent.js:653:32[0m
[0m  [0m
[0m  [0m[90m-[0m [0m[93mReactDOMComponent.js[0m[90m:[0m[93m520[0m[37m [0m[37mReactDOMComponent.mountComponent[0m
[0m  [0m  [0m[90m[comhoavang]/[react-dom]/lib/ReactDOMComponent.js:520:29[0m
[0m  [0m
[0m  [0m[90m-[0m [0m[93mReactReconciler.js[0m[90m:[0m[93m46[0m[37m [0m[37mObject.mountComponent[0m
[0m  [0m  [0m[90m[comhoavang]/[react-dom]/lib/ReactReconciler.js:46:35[0m
[0m  [0m
[0m  [0m[90m-[0m [0m[93mReactMultiChild.js[0m[90m:[0m[93m238[0m[37m [0m[37mReactDOMComponent.mountChildren[0m
[0m  [0m  [0m[90m[comhoavang]/[react-dom]/lib/ReactMultiChild.js:238:44[0m
[0m  [0m
[0m  [0m[90m-[0m [0m[93mReactDOMComponent.js[0m[90m:[0m[93m653[0m[37m [0m[37mReactDOMComponent._createContentMarkup[0m
[0m  [0m  [0m[90m[comhoavang]/[react-dom]/lib/ReactDOMComponent.js:653:32[0m
[0m  [0m
[0m  [0m[90m-[0m [0m[93mReactDOMComponent.js[0m[90m:[0m[93m520[0m[37m [0m[37mReactDOMComponent.mountComponent[0m
[0m  [0m  [0m[90m[comhoavang]/[react-dom]/lib/ReactDOMComponent.js:520:29[0m
[0m  [0m
[0m  [0m[90m-[0m [0m[93mReactReconciler.js[0m[90m:[0m[93m46[0m[37m [0m[37mObject.mountComponent[0m
[0m  [0m  [0m[90m[comhoavang]/[react-dom]/lib/ReactReconciler.js:46:35[0m
[0m  [0m
[0m  [0m[90m-[0m [0m[93mReactMultiChild.js[0m[90m:[0m[93m238[0m[37m [0m[37mReactDOMComponent.mountChildren[0m
[0m  [0m  [0m[90m[comhoavang]/[react-dom]/lib/ReactMultiChild.js:238:44[0m
[0m  [0m
[0m  [0m[90m-[0m [0m[93mReactDOMComponent.js[0m[90m:[0m[93m653[0m[37m [0m[37mReactDOMComponent._createContentMarkup[0m
[0m  [0m  [0m[90m[comhoavang]/[react-dom]/lib/ReactDOMComponent.js:653:32[0m
[0m  [0m
[0m  [0m[90m-[0m [0m[93mReactDOMComponent.js[0m[90m:[0m[93m520[0m[37m [0m[37mReactDOMComponent.mountComponent[0m
[0m  [0m  [0m[90m[comhoavang]/[react-dom]/lib/ReactDOMComponent.js:520:29[0m
[0m  [0m
[0m  [0m[90m-[0m [0m[93mReactReconciler.js[0m[90m:[0m[93m46[0m[37m [0m[37mObject.mountComponent[0m
[0m  [0m  [0m[90m[comhoavang]/[react-dom]/lib/ReactReconciler.js:46:35[0m
[0m  [0m
[0m  [0m[90m-[0m [0m[93mReactCompositeComponent.js[0m[90m:[0m[93m371[0m[37m [0m[37mReactCompositeComponentWrapper.performInitial[0m  [0m  [0m[37mMount[0m
[0m  [0m  [0m[90m[comhoavang]/[react-dom]/lib/ReactCompositeComponent.js:371:34[0m
[0m  [0m
[0m
second
Warning: AnimateChild: React.createClass is deprecated and will be removed in version 16. Use plain JavaScript classes instead. If you're not yet ready to migrate, create-react-class is available on npm as a drop-in replacement.
{ created_at: { '$lt': 2017-05-15T16:34:25.608Z } }
  [0m[97m[41mTypeError[0m[90m:[0m[37m [0m[97mCannot read property 'toString' of undefined[0m
[0m  [0m
[0m  [0m[90m-[0m [0m[93mMain6.js[0m[90m:[0m[93m108[0m[37m [0m[37mnumberWithCommas[0m
[0m  [0m  [0m[90m/root/web/comhoavang/build/webpack:/src/components/Partials/Main6.js:108:10[0m
[0m  [0m
[0m  [0m[90m-[0m [0m[93mMain6.js[0m[90m:[0m[93m33[0m[37m [0m[37mMain.render[0m
[0m  [0m  [0m[90m/root/web/comhoavang/build/webpack:/src/components/Partials/Main6.js:33:51[0m
[0m  [0m
[0m  [0m[90m-[0m [0m[93mReactCompositeComponent.js[0m[90m:[0m[93m796[0m[37m [0m
[0m  [0m  [0m[90m[comhoavang]/[react-dom]/lib/ReactCompositeComponent.js:796:21[0m
[0m  [0m
[0m  [0m[90m-[0m [0m[93mReactCompositeComponent.js[0m[90m:[0m[93m75[0m[37m [0m[37mmeasureLifeCyclePerf[0m
[0m  [0m  [0m[90m[comhoavang]/[react-dom]/lib/ReactCompositeComponent.js:75:12[0m
[0m  [0m
[0m  [0m[90m-[0m [0m[93mReactCompositeComponent.js[0m[90m:[0m[93m795[0m[37m [0m[37mReactCompositeComponentWrapper._renderValidat[0m  [0m  [0m[37medComponentWithoutOwnerOrContext[0m
[0m  [0m  [0m[90m[comhoavang]/[react-dom]/lib/ReactCompositeComponent.js:795:25[0m
[0m  [0m
[0m  [0m[90m-[0m [0m[93mReactCompositeComponent.js[0m[90m:[0m[93m822[0m[37m [0m[37mReactCompositeComponentWrapper._renderValidat[0m  [0m  [0m[37medComponent[0m
[0m  [0m  [0m[90m[comhoavang]/[react-dom]/lib/ReactCompositeComponent.js:822:32[0m
[0m  [0m
[0m  [0m[90m-[0m [0m[93mReactCompositeComponent.js[0m[90m:[0m[93m362[0m[37m [0m[37mReactCompositeComponentWrapper.performInitial[0m  [0m  [0m[37mMount[0m
[0m  [0m  [0m[90m[comhoavang]/[react-dom]/lib/ReactCompositeComponent.js:362:30[0m
[0m  [0m
[0m  [0m[90m-[0m [0m[93mReactCompositeComponent.js[0m[90m:[0m[93m258[0m[37m [0m[37mReactCompositeComponentWrapper.mountComponent[0m  [0m  [0m[90m[comhoavang]/[react-dom]/lib/ReactCompositeComponent.js:258:21[0m
[0m  [0m
[0m  [0m[90m-[0m [0m[93mReactReconciler.js[0m[90m:[0m[93m46[0m[37m [0m[37mObject.mountComponent[0m
[0m  [0m  [0m[90m[comhoavang]/[react-dom]/lib/ReactReconciler.js:46:35[0m
[0m  [0m
[0m  [0m[90m-[0m [0m[93mReactMultiChild.js[0m[90m:[0m[93m238[0m[37m [0m[37mReactDOMComponent.mountChildren[0m
[0m  [0m  [0m[90m[comhoavang]/[react-dom]/lib/ReactMultiChild.js:238:44[0m
[0m  [0m
[0m  [0m[90m-[0m [0m[93mReactDOMComponent.js[0m[90m:[0m[93m653[0m[37m [0m[37mReactDOMComponent._createContentMarkup[0m
[0m  [0m  [0m[90m[comhoavang]/[react-dom]/lib/ReactDOMComponent.js:653:32[0m
[0m  [0m
[0m  [0m[90m-[0m [0m[93mReactDOMComponent.js[0m[90m:[0m[93m520[0m[37m [0m[37mReactDOMComponent.mountComponent[0m
[0m  [0m  [0m[90m[comhoavang]/[react-dom]/lib/ReactDOMComponent.js:520:29[0m
[0m  [0m
[0m  [0m[90m-[0m [0m[93mReactReconciler.js[0m[90m:[0m[93m46[0m[37m [0m[37mObject.mountComponent[0m
[0m  [0m  [0m[90m[comhoavang]/[react-dom]/lib/ReactReconciler.js:46:35[0m
[0m  [0m
[0m  [0m[90m-[0m [0m[93mReactMultiChild.js[0m[90m:[0m[93m238[0m[37m [0m[37mReactDOMComponent.mountChildren[0m
[0m  [0m  [0m[90m[comhoavang]/[react-dom]/lib/ReactMultiChild.js:238:44[0m
[0m  [0m
[0m  [0m[90m-[0m [0m[93mReactDOMComponent.js[0m[90m:[0m[93m653[0m[37m [0m[37mReactDOMComponent._createContentMarkup[0m
[0m  [0m  [0m[90m[comhoavang]/[react-dom]/lib/ReactDOMComponent.js:653:32[0m
[0m  [0m
[0m  [0m[90m-[0m [0m[93mReactDOMComponent.js[0m[90m:[0m[93m520[0m[37m [0m[37mReactDOMComponent.mountComponent[0m
[0m  [0m  [0m[90m[comhoavang]/[react-dom]/lib/ReactDOMComponent.js:520:29[0m
[0m  [0m
[0m  [0m[90m-[0m [0m[93mReactReconciler.js[0m[90m:[0m[93m46[0m[37m [0m[37mObject.mountComponent[0m
[0m  [0m  [0m[90m[comhoavang]/[react-dom]/lib/ReactReconciler.js:46:35[0m
[0m  [0m
[0m  [0m[90m-[0m [0m[93mReactMultiChild.js[0m[90m:[0m[93m238[0m[37m [0m[37mReactDOMComponent.mountChildren[0m
[0m  [0m  [0m[90m[comhoavang]/[react-dom]/lib/ReactMultiChild.js:238:44[0m
[0m  [0m
[0m  [0m[90m-[0m [0m[93mReactDOMComponent.js[0m[90m:[0m[93m653[0m[37m [0m[37mReactDOMComponent._createContentMarkup[0m
[0m  [0m  [0m[90m[comhoavang]/[react-dom]/lib/ReactDOMComponent.js:653:32[0m
[0m  [0m
[0m  [0m[90m-[0m [0m[93mReactDOMComponent.js[0m[90m:[0m[93m520[0m[37m [0m[37mReactDOMComponent.mountComponent[0m
[0m  [0m  [0m[90m[comhoavang]/[react-dom]/lib/ReactDOMComponent.js:520:29[0m
[0m  [0m
[0m  [0m[90m-[0m [0m[93mReactReconciler.js[0m[90m:[0m[93m46[0m[37m [0m[37mObject.mountComponent[0m
[0m  [0m  [0m[90m[comhoavang]/[react-dom]/lib/ReactReconciler.js:46:35[0m
[0m  [0m
[0m  [0m[90m-[0m [0m[93mReactCompositeComponent.js[0m[90m:[0m[93m371[0m[37m [0m[37mReactCompositeComponentWrapper.performInitial[0m  [0m  [0m[37mMount[0m
[0m  [0m  [0m[90m[comhoavang]/[react-dom]/lib/ReactCompositeComponent.js:371:34[0m
[0m  [0m
[0m
second
  [0m[97m[41mTypeError[0m[90m:[0m[37m [0m[97mCannot read property 'toString' of undefined[0m
[0m  [0m
[0m  [0m[90m-[0m [0m[93mMain6.js[0m[90m:[0m[93m108[0m[37m [0m[37mnumberWithCommas[0m
[0m  [0m  [0m[90m/root/web/comhoavang/build/webpack:/src/components/Partials/Main6.js:108:10[0m
[0m  [0m
[0m  [0m[90m-[0m [0m[93mMain6.js[0m[90m:[0m[93m33[0m[37m [0m[37mMain.render[0m
[0m  [0m  [0m[90m/root/web/comhoavang/build/webpack:/src/components/Partials/Main6.js:33:51[0m
[0m  [0m
[0m  [0m[90m-[0m [0m[93mReactCompositeComponent.js[0m[90m:[0m[93m796[0m[37m [0m
[0m  [0m  [0m[90m[comhoavang]/[react-dom]/lib/ReactCompositeComponent.js:796:21[0m
[0m  [0m
[0m  [0m[90m-[0m [0m[93mReactCompositeComponent.js[0m[90m:[0m[93m75[0m[37m [0m[37mmeasureLifeCyclePerf[0m
[0m  [0m  [0m[90m[comhoavang]/[react-dom]/lib/ReactCompositeComponent.js:75:12[0m
[0m  [0m
[0m  [0m[90m-[0m [0m[93mReactCompositeComponent.js[0m[90m:[0m[93m795[0m[37m [0m[37mReactCompositeComponentWrapper._renderValidat[0m  [0m  [0m[37medComponentWithoutOwnerOrContext[0m
[0m  [0m  [0m[90m[comhoavang]/[react-dom]/lib/ReactCompositeComponent.js:795:25[0m
[0m  [0m
[0m  [0m[90m-[0m [0m[93mReactCompositeComponent.js[0m[90m:[0m[93m822[0m[37m [0m[37mReactCompositeComponentWrapper._renderValidat[0m  [0m  [0m[37medComponent[0m
[0m  [0m  [0m[90m[comhoavang]/[react-dom]/lib/ReactCompositeComponent.js:822:32[0m
[0m  [0m
[0m  [0m[90m-[0m [0m[93mReactCompositeComponent.js[0m[90m:[0m[93m362[0m[37m [0m[37mReactCompositeComponentWrapper.performInitial[0m  [0m  [0m[37mMount[0m
[0m  [0m  [0m[90m[comhoavang]/[react-dom]/lib/ReactCompositeComponent.js:362:30[0m
[0m  [0m
[0m  [0m[90m-[0m [0m[93mReactCompositeComponent.js[0m[90m:[0m[93m258[0m[37m [0m[37mReactCompositeComponentWrapper.mountComponent[0m  [0m  [0m[90m[comhoavang]/[react-dom]/lib/ReactCompositeComponent.js:258:21[0m
[0m  [0m
[0m  [0m[90m-[0m [0m[93mReactReconciler.js[0m[90m:[0m[93m46[0m[37m [0m[37mObject.mountComponent[0m
[0m  [0m  [0m[90m[comhoavang]/[react-dom]/lib/ReactReconciler.js:46:35[0m
[0m  [0m
[0m  [0m[90m-[0m [0m[93mReactMultiChild.js[0m[90m:[0m[93m238[0m[37m [0m[37mReactDOMComponent.mountChildren[0m
[0m  [0m  [0m[90m[comhoavang]/[react-dom]/lib/ReactMultiChild.js:238:44[0m
[0m  [0m
[0m  [0m[90m-[0m [0m[93mReactDOMComponent.js[0m[90m:[0m[93m653[0m[37m [0m[37mReactDOMComponent._createContentMarkup[0m
[0m  [0m  [0m[90m[comhoavang]/[react-dom]/lib/ReactDOMComponent.js:653:32[0m
[0m  [0m
[0m  [0m[90m-[0m [0m[93mReactDOMComponent.js[0m[90m:[0m[93m520[0m[37m [0m[37mReactDOMComponent.mountComponent[0m
[0m  [0m  [0m[90m[comhoavang]/[react-dom]/lib/ReactDOMComponent.js:520:29[0m
[0m  [0m
[0m  [0m[90m-[0m [0m[93mReactReconciler.js[0m[90m:[0m[93m46[0m[37m [0m[37mObject.mountComponent[0m
[0m  [0m  [0m[90m[comhoavang]/[react-dom]/lib/ReactReconciler.js:46:35[0m
[0m  [0m
[0m  [0m[90m-[0m [0m[93mReactMultiChild.js[0m[90m:[0m[93m238[0m[37m [0m[37mReactDOMComponent.mountChildren[0m
[0m  [0m  [0m[90m[comhoavang]/[react-dom]/lib/ReactMultiChild.js:238:44[0m
[0m  [0m
[0m  [0m[90m-[0m [0m[93mReactDOMComponent.js[0m[90m:[0m[93m653[0m[37m [0m[37mReactDOMComponent._createContentMarkup[0m
[0m  [0m  [0m[90m[comhoavang]/[react-dom]/lib/ReactDOMComponent.js:653:32[0m
[0m  [0m
[0m  [0m[90m-[0m [0m[93mReactDOMComponent.js[0m[90m:[0m[93m520[0m[37m [0m[37mReactDOMComponent.mountComponent[0m
[0m  [0m  [0m[90m[comhoavang]/[react-dom]/lib/ReactDOMComponent.js:520:29[0m
[0m  [0m
[0m  [0m[90m-[0m [0m[93mReactReconciler.js[0m[90m:[0m[93m46[0m[37m [0m[37mObject.mountComponent[0m
[0m  [0m  [0m[90m[comhoavang]/[react-dom]/lib/ReactReconciler.js:46:35[0m
[0m  [0m
[0m  [0m[90m-[0m [0m[93mReactMultiChild.js[0m[90m:[0m[93m238[0m[37m [0m[37mReactDOMComponent.mountChildren[0m
[0m  [0m  [0m[90m[comhoavang]/[react-dom]/lib/ReactMultiChild.js:238:44[0m
[0m  [0m
[0m  [0m[90m-[0m [0m[93mReactDOMComponent.js[0m[90m:[0m[93m653[0m[37m [0m[37mReactDOMComponent._createContentMarkup[0m
[0m  [0m  [0m[90m[comhoavang]/[react-dom]/lib/ReactDOMComponent.js:653:32[0m
[0m  [0m
[0m  [0m[90m-[0m [0m[93mReactDOMComponent.js[0m[90m:[0m[93m520[0m[37m [0m[37mReactDOMComponent.mountComponent[0m
[0m  [0m  [0m[90m[comhoavang]/[react-dom]/lib/ReactDOMComponent.js:520:29[0m
[0m  [0m
[0m  [0m[90m-[0m [0m[93mReactReconciler.js[0m[90m:[0m[93m46[0m[37m [0m[37mObject.mountComponent[0m
[0m  [0m  [0m[90m[comhoavang]/[react-dom]/lib/ReactReconciler.js:46:35[0m
[0m  [0m
[0m  [0m[90m-[0m [0m[93mReactCompositeComponent.js[0m[90m:[0m[93m371[0m[37m [0m[37mReactCompositeComponentWrapper.performInitial[0m  [0m  [0m[37mMount[0m
[0m  [0m  [0m[90m[comhoavang]/[react-dom]/lib/ReactCompositeComponent.js:371:34[0m
[0m  [0m
[0m
second
  [0m[97m[41mTypeError[0m[90m:[0m[37m [0m[97mCannot read property 'toString' of undefined[0m
[0m  [0m
[0m  [0m[90m-[0m [0m[93mMain6.js[0m[90m:[0m[93m108[0m[37m [0m[37mnumberWithCommas[0m
[0m  [0m  [0m[90m/root/web/comhoavang/build/webpack:/src/components/Partials/Main6.js:108:10[0m
[0m  [0m
[0m  [0m[90m-[0m [0m[93mMain6.js[0m[90m:[0m[93m33[0m[37m [0m[37mMain.render[0m
[0m  [0m  [0m[90m/root/web/comhoavang/build/webpack:/src/components/Partials/Main6.js:33:51[0m
[0m  [0m
[0m  [0m[90m-[0m [0m[93mReactCompositeComponent.js[0m[90m:[0m[93m796[0m[37m [0m
[0m  [0m  [0m[90m[comhoavang]/[react-dom]/lib/ReactCompositeComponent.js:796:21[0m
[0m  [0m
[0m  [0m[90m-[0m [0m[93mReactCompositeComponent.js[0m[90m:[0m[93m75[0m[37m [0m[37mmeasureLifeCyclePerf[0m
[0m  [0m  [0m[90m[comhoavang]/[react-dom]/lib/ReactCompositeComponent.js:75:12[0m
[0m  [0m
[0m  [0m[90m-[0m [0m[93mReactCompositeComponent.js[0m[90m:[0m[93m795[0m[37m [0m[37mReactCompositeComponentWrapper._renderValidat[0m  [0m  [0m[37medComponentWithoutOwnerOrContext[0m
[0m  [0m  [0m[90m[comhoavang]/[react-dom]/lib/ReactCompositeComponent.js:795:25[0m
[0m  [0m
[0m  [0m[90m-[0m [0m[93mReactCompositeComponent.js[0m[90m:[0m[93m822[0m[37m [0m[37mReactCompositeComponentWrapper._renderValidat[0m  [0m  [0m[37medComponent[0m
[0m  [0m  [0m[90m[comhoavang]/[react-dom]/lib/ReactCompositeComponent.js:822:32[0m
[0m  [0m
[0m  [0m[90m-[0m [0m[93mReactCompositeComponent.js[0m[90m:[0m[93m362[0m[37m [0m[37mReactCompositeComponentWrapper.performInitial[0m  [0m  [0m[37mMount[0m
[0m  [0m  [0m[90m[comhoavang]/[react-dom]/lib/ReactCompositeComponent.js:362:30[0m
[0m  [0m
[0m  [0m[90m-[0m [0m[93mReactCompositeComponent.js[0m[90m:[0m[93m258[0m[37m [0m[37mReactCompositeComponentWrapper.mountComponent[0m  [0m  [0m[90m[comhoavang]/[react-dom]/lib/ReactCompositeComponent.js:258:21[0m
[0m  [0m
[0m  [0m[90m-[0m [0m[93mReactReconciler.js[0m[90m:[0m[93m46[0m[37m [0m[37mObject.mountComponent[0m
[0m  [0m  [0m[90m[comhoavang]/[react-dom]/lib/ReactReconciler.js:46:35[0m
[0m  [0m
[0m  [0m[90m-[0m [0m[93mReactMultiChild.js[0m[90m:[0m[93m238[0m[37m [0m[37mReactDOMComponent.mountChildren[0m
[0m  [0m  [0m[90m[comhoavang]/[react-dom]/lib/ReactMultiChild.js:238:44[0m
[0m  [0m
[0m  [0m[90m-[0m [0m[93mReactDOMComponent.js[0m[90m:[0m[93m653[0m[37m [0m[37mReactDOMComponent._createContentMarkup[0m
[0m  [0m  [0m[90m[comhoavang]/[react-dom]/lib/ReactDOMComponent.js:653:32[0m
[0m  [0m
[0m  [0m[90m-[0m [0m[93mReactDOMComponent.js[0m[90m:[0m[93m520[0m[37m [0m[37mReactDOMComponent.mountComponent[0m
[0m  [0m  [0m[90m[comhoavang]/[react-dom]/lib/ReactDOMComponent.js:520:29[0m
[0m  [0m
[0m  [0m[90m-[0m [0m[93mReactReconciler.js[0m[90m:[0m[93m46[0m[37m [0m[37mObject.mountComponent[0m
[0m  [0m  [0m[90m[comhoavang]/[react-dom]/lib/ReactReconciler.js:46:35[0m
[0m  [0m
[0m  [0m[90m-[0m [0m[93mReactMultiChild.js[0m[90m:[0m[93m238[0m[37m [0m[37mReactDOMComponent.mountChildren[0m
[0m  [0m  [0m[90m[comhoavang]/[react-dom]/lib/ReactMultiChild.js:238:44[0m
[0m  [0m
[0m  [0m[90m-[0m [0m[93mReactDOMComponent.js[0m[90m:[0m[93m653[0m[37m [0m[37mReactDOMComponent._createContentMarkup[0m
[0m  [0m  [0m[90m[comhoavang]/[react-dom]/lib/ReactDOMComponent.js:653:32[0m
[0m  [0m
[0m  [0m[90m-[0m [0m[93mReactDOMComponent.js[0m[90m:[0m[93m520[0m[37m [0m[37mReactDOMComponent.mountComponent[0m
[0m  [0m  [0m[90m[comhoavang]/[react-dom]/lib/ReactDOMComponent.js:520:29[0m
[0m  [0m
[0m  [0m[90m-[0m [0m[93mReactReconciler.js[0m[90m:[0m[93m46[0m[37m [0m[37mObject.mountComponent[0m
[0m  [0m  [0m[90m[comhoavang]/[react-dom]/lib/ReactReconciler.js:46:35[0m
[0m  [0m
[0m  [0m[90m-[0m [0m[93mReactMultiChild.js[0m[90m:[0m[93m238[0m[37m [0m[37mReactDOMComponent.mountChildren[0m
[0m  [0m  [0m[90m[comhoavang]/[react-dom]/lib/ReactMultiChild.js:238:44[0m
[0m  [0m
[0m  [0m[90m-[0m [0m[93mReactDOMComponent.js[0m[90m:[0m[93m653[0m[37m [0m[37mReactDOMComponent._createContentMarkup[0m
[0m  [0m  [0m[90m[comhoavang]/[react-dom]/lib/ReactDOMComponent.js:653:32[0m
[0m  [0m
[0m  [0m[90m-[0m [0m[93mReactDOMComponent.js[0m[90m:[0m[93m520[0m[37m [0m[37mReactDOMComponent.mountComponent[0m
[0m  [0m  [0m[90m[comhoavang]/[react-dom]/lib/ReactDOMComponent.js:520:29[0m
[0m  [0m
[0m  [0m[90m-[0m [0m[93mReactReconciler.js[0m[90m:[0m[93m46[0m[37m [0m[37mObject.mountComponent[0m
[0m  [0m  [0m[90m[comhoavang]/[react-dom]/lib/ReactReconciler.js:46:35[0m
[0m  [0m
[0m  [0m[90m-[0m [0m[93mReactCompositeComponent.js[0m[90m:[0m[93m371[0m[37m [0m[37mReactCompositeComponentWrapper.performInitial[0m  [0m  [0m[37mMount[0m
[0m  [0m  [0m[90m[comhoavang]/[react-dom]/lib/ReactCompositeComponent.js:371:34[0m
[0m  [0m
[0m
second
  [0m[97m[41mTypeError[0m[90m:[0m[37m [0m[97mCannot read property 'toString' of undefined[0m
[0m  [0m
[0m  [0m[90m-[0m [0m[93mMain6.js[0m[90m:[0m[93m108[0m[37m [0m[37mnumberWithCommas[0m
[0m  [0m  [0m[90m/root/web/comhoavang/build/webpack:/src/components/Partials/Main6.js:108:10[0m
[0m  [0m
[0m  [0m[90m-[0m [0m[93mMain6.js[0m[90m:[0m[93m33[0m[37m [0m[37mMain.render[0m
[0m  [0m  [0m[90m/root/web/comhoavang/build/webpack:/src/components/Partials/Main6.js:33:51[0m
[0m  [0m
[0m  [0m[90m-[0m [0m[93mReactCompositeComponent.js[0m[90m:[0m[93m796[0m[37m [0m
[0m  [0m  [0m[90m[comhoavang]/[react-dom]/lib/ReactCompositeComponent.js:796:21[0m
[0m  [0m
[0m  [0m[90m-[0m [0m[93mReactCompositeComponent.js[0m[90m:[0m[93m75[0m[37m [0m[37mmeasureLifeCyclePerf[0m
[0m  [0m  [0m[90m[comhoavang]/[react-dom]/lib/ReactCompositeComponent.js:75:12[0m
[0m  [0m
[0m  [0m[90m-[0m [0m[93mReactCompositeComponent.js[0m[90m:[0m[93m795[0m[37m [0m[37mReactCompositeComponentWrapper._renderValidat[0m  [0m  [0m[37medComponentWithoutOwnerOrContext[0m
[0m  [0m  [0m[90m[comhoavang]/[react-dom]/lib/ReactCompositeComponent.js:795:25[0m
[0m  [0m
[0m  [0m[90m-[0m [0m[93mReactCompositeComponent.js[0m[90m:[0m[93m822[0m[37m [0m[37mReactCompositeComponentWrapper._renderValidat[0m  [0m  [0m[37medComponent[0m
[0m  [0m  [0m[90m[comhoavang]/[react-dom]/lib/ReactCompositeComponent.js:822:32[0m
[0m  [0m
[0m  [0m[90m-[0m [0m[93mReactCompositeComponent.js[0m[90m:[0m[93m362[0m[37m [0m[37mReactCompositeComponentWrapper.performInitial[0m  [0m  [0m[37mMount[0m
[0m  [0m  [0m[90m[comhoavang]/[react-dom]/lib/ReactCompositeComponent.js:362:30[0m
[0m  [0m
[0m  [0m[90m-[0m [0m[93mReactCompositeComponent.js[0m[90m:[0m[93m258[0m[37m [0m[37mReactCompositeComponentWrapper.mountComponent[0m  [0m  [0m[90m[comhoavang]/[react-dom]/lib/ReactCompositeComponent.js:258:21[0m
[0m  [0m
[0m  [0m[90m-[0m [0m[93mReactReconciler.js[0m[90m:[0m[93m46[0m[37m [0m[37mObject.mountComponent[0m
[0m  [0m  [0m[90m[comhoavang]/[react-dom]/lib/ReactReconciler.js:46:35[0m
[0m  [0m
[0m  [0m[90m-[0m [0m[93mReactMultiChild.js[0m[90m:[0m[93m238[0m[37m [0m[37mReactDOMComponent.mountChildren[0m
[0m  [0m  [0m[90m[comhoavang]/[react-dom]/lib/ReactMultiChild.js:238:44[0m
[0m  [0m
[0m  [0m[90m-[0m [0m[93mReactDOMComponent.js[0m[90m:[0m[93m653[0m[37m [0m[37mReactDOMComponent._createContentMarkup[0m
[0m  [0m  [0m[90m[comhoavang]/[react-dom]/lib/ReactDOMComponent.js:653:32[0m
[0m  [0m
[0m  [0m[90m-[0m [0m[93mReactDOMComponent.js[0m[90m:[0m[93m520[0m[37m [0m[37mReactDOMComponent.mountComponent[0m
[0m  [0m  [0m[90m[comhoavang]/[react-dom]/lib/ReactDOMComponent.js:520:29[0m
[0m  [0m
[0m  [0m[90m-[0m [0m[93mReactReconciler.js[0m[90m:[0m[93m46[0m[37m [0m[37mObject.mountComponent[0m
[0m  [0m  [0m[90m[comhoavang]/[react-dom]/lib/ReactReconciler.js:46:35[0m
[0m  [0m
[0m  [0m[90m-[0m [0m[93mReactMultiChild.js[0m[90m:[0m[93m238[0m[37m [0m[37mReactDOMComponent.mountChildren[0m
[0m  [0m  [0m[90m[comhoavang]/[react-dom]/lib/ReactMultiChild.js:238:44[0m
[0m  [0m
[0m  [0m[90m-[0m [0m[93mReactDOMComponent.js[0m[90m:[0m[93m653[0m[37m [0m[37mReactDOMComponent._createContentMarkup[0m
[0m  [0m  [0m[90m[comhoavang]/[react-dom]/lib/ReactDOMComponent.js:653:32[0m
[0m  [0m
[0m  [0m[90m-[0m [0m[93mReactDOMComponent.js[0m[90m:[0m[93m520[0m[37m [0m[37mReactDOMComponent.mountComponent[0m
[0m  [0m  [0m[90m[comhoavang]/[react-dom]/lib/ReactDOMComponent.js:520:29[0m
[0m  [0m
[0m  [0m[90m-[0m [0m[93mReactReconciler.js[0m[90m:[0m[93m46[0m[37m [0m[37mObject.mountComponent[0m
[0m  [0m  [0m[90m[comhoavang]/[react-dom]/lib/ReactReconciler.js:46:35[0m
[0m  [0m
[0m  [0m[90m-[0m [0m[93mReactMultiChild.js[0m[90m:[0m[93m238[0m[37m [0m[37mReactDOMComponent.mountChildren[0m
[0m  [0m  [0m[90m[comhoavang]/[react-dom]/lib/ReactMultiChild.js:238:44[0m
[0m  [0m
[0m  [0m[90m-[0m [0m[93mReactDOMComponent.js[0m[90m:[0m[93m653[0m[37m [0m[37mReactDOMComponent._createContentMarkup[0m
[0m  [0m  [0m[90m[comhoavang]/[react-dom]/lib/ReactDOMComponent.js:653:32[0m
[0m  [0m
[0m  [0m[90m-[0m [0m[93mReactDOMComponent.js[0m[90m:[0m[93m520[0m[37m [0m[37mReactDOMComponent.mountComponent[0m
[0m  [0m  [0m[90m[comhoavang]/[react-dom]/lib/ReactDOMComponent.js:520:29[0m
[0m  [0m
[0m  [0m[90m-[0m [0m[93mReactReconciler.js[0m[90m:[0m[93m46[0m[37m [0m[37mObject.mountComponent[0m
[0m  [0m  [0m[90m[comhoavang]/[react-dom]/lib/ReactReconciler.js:46:35[0m
[0m  [0m
[0m  [0m[90m-[0m [0m[93mReactCompositeComponent.js[0m[90m:[0m[93m371[0m[37m [0m[37mReactCompositeComponentWrapper.performInitial[0m  [0m  [0m[37mMount[0m
[0m  [0m  [0m[90m[comhoavang]/[react-dom]/lib/ReactCompositeComponent.js:371:34[0m
[0m  [0m
[0m
second
  [0m[97m[41mTypeError[0m[90m:[0m[37m [0m[97mCannot read property 'toString' of undefined[0m
[0m  [0m
[0m  [0m[90m-[0m [0m[93mMain6.js[0m[90m:[0m[93m108[0m[37m [0m[37mnumberWithCommas[0m
[0m  [0m  [0m[90m/root/web/comhoavang/build/webpack:/src/components/Partials/Main6.js:108:10[0m
[0m  [0m
[0m  [0m[90m-[0m [0m[93mMain6.js[0m[90m:[0m[93m33[0m[37m [0m[37mMain.render[0m
[0m  [0m  [0m[90m/root/web/comhoavang/build/webpack:/src/components/Partials/Main6.js:33:51[0m
[0m  [0m
[0m  [0m[90m-[0m [0m[93mReactCompositeComponent.js[0m[90m:[0m[93m796[0m[37m [0m
[0m  [0m  [0m[90m[comhoavang]/[react-dom]/lib/ReactCompositeComponent.js:796:21[0m
[0m  [0m
[0m  [0m[90m-[0m [0m[93mReactCompositeComponent.js[0m[90m:[0m[93m75[0m[37m [0m[37mmeasureLifeCyclePerf[0m
[0m  [0m  [0m[90m[comhoavang]/[react-dom]/lib/ReactCompositeComponent.js:75:12[0m
[0m  [0m
[0m  [0m[90m-[0m [0m[93mReactCompositeComponent.js[0m[90m:[0m[93m795[0m[37m [0m[37mReactCompositeComponentWrapper._renderValidat[0m  [0m  [0m[37medComponentWithoutOwnerOrContext[0m
[0m  [0m  [0m[90m[comhoavang]/[react-dom]/lib/ReactCompositeComponent.js:795:25[0m
[0m  [0m
[0m  [0m[90m-[0m [0m[93mReactCompositeComponent.js[0m[90m:[0m[93m822[0m[37m [0m[37mReactCompositeComponentWrapper._renderValidat[0m  [0m  [0m[37medComponent[0m
[0m  [0m  [0m[90m[comhoavang]/[react-dom]/lib/ReactCompositeComponent.js:822:32[0m
[0m  [0m
[0m  [0m[90m-[0m [0m[93mReactCompositeComponent.js[0m[90m:[0m[93m362[0m[37m [0m[37mReactCompositeComponentWrapper.performInitial[0m  [0m  [0m[37mMount[0m
[0m  [0m  [0m[90m[comhoavang]/[react-dom]/lib/ReactCompositeComponent.js:362:30[0m
[0m  [0m
[0m  [0m[90m-[0m [0m[93mReactCompositeComponent.js[0m[90m:[0m[93m258[0m[37m [0m[37mReactCompositeComponentWrapper.mountComponent[0m  [0m  [0m[90m[comhoavang]/[react-dom]/lib/ReactCompositeComponent.js:258:21[0m
[0m  [0m
[0m  [0m[90m-[0m [0m[93mReactReconciler.js[0m[90m:[0m[93m46[0m[37m [0m[37mObject.mountComponent[0m
[0m  [0m  [0m[90m[comhoavang]/[react-dom]/lib/ReactReconciler.js:46:35[0m
[0m  [0m
[0m  [0m[90m-[0m [0m[93mReactMultiChild.js[0m[90m:[0m[93m238[0m[37m [0m[37mReactDOMComponent.mountChildren[0m
[0m  [0m  [0m[90m[comhoavang]/[react-dom]/lib/ReactMultiChild.js:238:44[0m
[0m  [0m
[0m  [0m[90m-[0m [0m[93mReactDOMComponent.js[0m[90m:[0m[93m653[0m[37m [0m[37mReactDOMComponent._createContentMarkup[0m
[0m  [0m  [0m[90m[comhoavang]/[react-dom]/lib/ReactDOMComponent.js:653:32[0m
[0m  [0m
[0m  [0m[90m-[0m [0m[93mReactDOMComponent.js[0m[90m:[0m[93m520[0m[37m [0m[37mReactDOMComponent.mountComponent[0m
[0m  [0m  [0m[90m[comhoavang]/[react-dom]/lib/ReactDOMComponent.js:520:29[0m
[0m  [0m
[0m  [0m[90m-[0m [0m[93mReactReconciler.js[0m[90m:[0m[93m46[0m[37m [0m[37mObject.mountComponent[0m
[0m  [0m  [0m[90m[comhoavang]/[react-dom]/lib/ReactReconciler.js:46:35[0m
[0m  [0m
[0m  [0m[90m-[0m [0m[93mReactMultiChild.js[0m[90m:[0m[93m238[0m[37m [0m[37mReactDOMComponent.mountChildren[0m
[0m  [0m  [0m[90m[comhoavang]/[react-dom]/lib/ReactMultiChild.js:238:44[0m
[0m  [0m
[0m  [0m[90m-[0m [0m[93mReactDOMComponent.js[0m[90m:[0m[93m653[0m[37m [0m[37mReactDOMComponent._createContentMarkup[0m
[0m  [0m  [0m[90m[comhoavang]/[react-dom]/lib/ReactDOMComponent.js:653:32[0m
[0m  [0m
[0m  [0m[90m-[0m [0m[93mReactDOMComponent.js[0m[90m:[0m[93m520[0m[37m [0m[37mReactDOMComponent.mountComponent[0m
[0m  [0m  [0m[90m[comhoavang]/[react-dom]/lib/ReactDOMComponent.js:520:29[0m
[0m  [0m
[0m  [0m[90m-[0m [0m[93mReactReconciler.js[0m[90m:[0m[93m46[0m[37m [0m[37mObject.mountComponent[0m
[0m  [0m  [0m[90m[comhoavang]/[react-dom]/lib/ReactReconciler.js:46:35[0m
[0m  [0m
[0m  [0m[90m-[0m [0m[93mReactMultiChild.js[0m[90m:[0m[93m238[0m[37m [0m[37mReactDOMComponent.mountChildren[0m
[0m  [0m  [0m[90m[comhoavang]/[react-dom]/lib/ReactMultiChild.js:238:44[0m
[0m  [0m
[0m  [0m[90m-[0m [0m[93mReactDOMComponent.js[0m[90m:[0m[93m653[0m[37m [0m[37mReactDOMComponent._createContentMarkup[0m
[0m  [0m  [0m[90m[comhoavang]/[react-dom]/lib/ReactDOMComponent.js:653:32[0m
[0m  [0m
[0m  [0m[90m-[0m [0m[93mReactDOMComponent.js[0m[90m:[0m[93m520[0m[37m [0m[37mReactDOMComponent.mountComponent[0m
[0m  [0m  [0m[90m[comhoavang]/[react-dom]/lib/ReactDOMComponent.js:520:29[0m
[0m  [0m
[0m  [0m[90m-[0m [0m[93mReactReconciler.js[0m[90m:[0m[93m46[0m[37m [0m[37mObject.mountComponent[0m
[0m  [0m  [0m[90m[comhoavang]/[react-dom]/lib/ReactReconciler.js:46:35[0m
[0m  [0m
[0m  [0m[90m-[0m [0m[93mReactCompositeComponent.js[0m[90m:[0m[93m371[0m[37m [0m[37mReactCompositeComponentWrapper.performInitial[0m  [0m  [0m[37mMount[0m
[0m  [0m  [0m[90m[comhoavang]/[react-dom]/lib/ReactCompositeComponent.js:371:34[0m
[0m  [0m
[0m
second
  [0m[97m[41mTypeError[0m[90m:[0m[37m [0m[97mCannot read property 'toString' of undefined[0m
[0m  [0m
[0m  [0m[90m-[0m [0m[93mMain6.js[0m[90m:[0m[93m108[0m[37m [0m[37mnumberWithCommas[0m
[0m  [0m  [0m[90m/root/web/comhoavang/build/webpack:/src/components/Partials/Main6.js:108:10[0m
[0m  [0m
[0m  [0m[90m-[0m [0m[93mMain6.js[0m[90m:[0m[93m33[0m[37m [0m[37mMain.render[0m
[0m  [0m  [0m[90m/root/web/comhoavang/build/webpack:/src/components/Partials/Main6.js:33:51[0m
[0m  [0m
[0m  [0m[90m-[0m [0m[93mReactCompositeComponent.js[0m[90m:[0m[93m796[0m[37m [0m
[0m  [0m  [0m[90m[comhoavang]/[react-dom]/lib/ReactCompositeComponent.js:796:21[0m
[0m  [0m
[0m  [0m[90m-[0m [0m[93mReactCompositeComponent.js[0m[90m:[0m[93m75[0m[37m [0m[37mmeasureLifeCyclePerf[0m
[0m  [0m  [0m[90m[comhoavang]/[react-dom]/lib/ReactCompositeComponent.js:75:12[0m
[0m  [0m
[0m  [0m[90m-[0m [0m[93mReactCompositeComponent.js[0m[90m:[0m[93m795[0m[37m [0m[37mReactCompositeComponentWrapper._renderValidat[0m  [0m  [0m[37medComponentWithoutOwnerOrContext[0m
[0m  [0m  [0m[90m[comhoavang]/[react-dom]/lib/ReactCompositeComponent.js:795:25[0m
[0m  [0m
[0m  [0m[90m-[0m [0m[93mReactCompositeComponent.js[0m[90m:[0m[93m822[0m[37m [0m[37mReactCompositeComponentWrapper._renderValidat[0m  [0m  [0m[37medComponent[0m
[0m  [0m  [0m[90m[comhoavang]/[react-dom]/lib/ReactCompositeComponent.js:822:32[0m
[0m  [0m
[0m  [0m[90m-[0m [0m[93mReactCompositeComponent.js[0m[90m:[0m[93m362[0m[37m [0m[37mReactCompositeComponentWrapper.performInitial[0m  [0m  [0m[37mMount[0m
[0m  [0m  [0m[90m[comhoavang]/[react-dom]/lib/ReactCompositeComponent.js:362:30[0m
[0m  [0m
[0m  [0m[90m-[0m [0m[93mReactCompositeComponent.js[0m[90m:[0m[93m258[0m[37m [0m[37mReactCompositeComponentWrapper.mountComponent[0m  [0m  [0m[90m[comhoavang]/[react-dom]/lib/ReactCompositeComponent.js:258:21[0m
[0m  [0m
[0m  [0m[90m-[0m [0m[93mReactReconciler.js[0m[90m:[0m[93m46[0m[37m [0m[37mObject.mountComponent[0m
[0m  [0m  [0m[90m[comhoavang]/[react-dom]/lib/ReactReconciler.js:46:35[0m
[0m  [0m
[0m  [0m[90m-[0m [0m[93mReactMultiChild.js[0m[90m:[0m[93m238[0m[37m [0m[37mReactDOMComponent.mountChildren[0m
[0m  [0m  [0m[90m[comhoavang]/[react-dom]/lib/ReactMultiChild.js:238:44[0m
[0m  [0m
[0m  [0m[90m-[0m [0m[93mReactDOMComponent.js[0m[90m:[0m[93m653[0m[37m [0m[37mReactDOMComponent._createContentMarkup[0m
[0m  [0m  [0m[90m[comhoavang]/[react-dom]/lib/ReactDOMComponent.js:653:32[0m
[0m  [0m
[0m  [0m[90m-[0m [0m[93mReactDOMComponent.js[0m[90m:[0m[93m520[0m[37m [0m[37mReactDOMComponent.mountComponent[0m
[0m  [0m  [0m[90m[comhoavang]/[react-dom]/lib/ReactDOMComponent.js:520:29[0m
[0m  [0m
[0m  [0m[90m-[0m [0m[93mReactReconciler.js[0m[90m:[0m[93m46[0m[37m [0m[37mObject.mountComponent[0m
[0m  [0m  [0m[90m[comhoavang]/[react-dom]/lib/ReactReconciler.js:46:35[0m
[0m  [0m
[0m  [0m[90m-[0m [0m[93mReactMultiChild.js[0m[90m:[0m[93m238[0m[37m [0m[37mReactDOMComponent.mountChildren[0m
[0m  [0m  [0m[90m[comhoavang]/[react-dom]/lib/ReactMultiChild.js:238:44[0m
[0m  [0m
[0m  [0m[90m-[0m [0m[93mReactDOMComponent.js[0m[90m:[0m[93m653[0m[37m [0m[37mReactDOMComponent._createContentMarkup[0m
[0m  [0m  [0m[90m[comhoavang]/[react-dom]/lib/ReactDOMComponent.js:653:32[0m
[0m  [0m
[0m  [0m[90m-[0m [0m[93mReactDOMComponent.js[0m[90m:[0m[93m520[0m[37m [0m[37mReactDOMComponent.mountComponent[0m
[0m  [0m  [0m[90m[comhoavang]/[react-dom]/lib/ReactDOMComponent.js:520:29[0m
[0m  [0m
[0m  [0m[90m-[0m [0m[93mReactReconciler.js[0m[90m:[0m[93m46[0m[37m [0m[37mObject.mountComponent[0m
[0m  [0m  [0m[90m[comhoavang]/[react-dom]/lib/ReactReconciler.js:46:35[0m
[0m  [0m
[0m  [0m[90m-[0m [0m[93mReactMultiChild.js[0m[90m:[0m[93m238[0m[37m [0m[37mReactDOMComponent.mountChildren[0m
[0m  [0m  [0m[90m[comhoavang]/[react-dom]/lib/ReactMultiChild.js:238:44[0m
[0m  [0m
[0m  [0m[90m-[0m [0m[93mReactDOMComponent.js[0m[90m:[0m[93m653[0m[37m [0m[37mReactDOMComponent._createContentMarkup[0m
[0m  [0m  [0m[90m[comhoavang]/[react-dom]/lib/ReactDOMComponent.js:653:32[0m
[0m  [0m
[0m  [0m[90m-[0m [0m[93mReactDOMComponent.js[0m[90m:[0m[93m520[0m[37m [0m[37mReactDOMComponent.mountComponent[0m
[0m  [0m  [0m[90m[comhoavang]/[react-dom]/lib/ReactDOMComponent.js:520:29[0m
[0m  [0m
[0m  [0m[90m-[0m [0m[93mReactReconciler.js[0m[90m:[0m[93m46[0m[37m [0m[37mObject.mountComponent[0m
[0m  [0m  [0m[90m[comhoavang]/[react-dom]/lib/ReactReconciler.js:46:35[0m
[0m  [0m
[0m  [0m[90m-[0m [0m[93mReactCompositeComponent.js[0m[90m:[0m[93m371[0m[37m [0m[37mReactCompositeComponentWrapper.performInitial[0m  [0m  [0m[37mMount[0m
[0m  [0m  [0m[90m[comhoavang]/[react-dom]/lib/ReactCompositeComponent.js:371:34[0m
[0m  [0m
[0m
second
  [0m[97m[41mTypeError[0m[90m:[0m[37m [0m[97mCannot read property 'toString' of undefined[0m
[0m  [0m
[0m  [0m[90m-[0m [0m[93mMain6.js[0m[90m:[0m[93m108[0m[37m [0m[37mnumberWithCommas[0m
[0m  [0m  [0m[90m/root/web/comhoavang/build/webpack:/src/components/Partials/Main6.js:108:10[0m
[0m  [0m
[0m  [0m[90m-[0m [0m[93mMain6.js[0m[90m:[0m[93m33[0m[37m [0m[37mMain.render[0m
[0m  [0m  [0m[90m/root/web/comhoavang/build/webpack:/src/components/Partials/Main6.js:33:51[0m
[0m  [0m
[0m  [0m[90m-[0m [0m[93mReactCompositeComponent.js[0m[90m:[0m[93m796[0m[37m [0m
[0m  [0m  [0m[90m[comhoavang]/[react-dom]/lib/ReactCompositeComponent.js:796:21[0m
[0m  [0m
[0m  [0m[90m-[0m [0m[93mReactCompositeComponent.js[0m[90m:[0m[93m75[0m[37m [0m[37mmeasureLifeCyclePerf[0m
[0m  [0m  [0m[90m[comhoavang]/[react-dom]/lib/ReactCompositeComponent.js:75:12[0m
[0m  [0m
[0m  [0m[90m-[0m [0m[93mReactCompositeComponent.js[0m[90m:[0m[93m795[0m[37m [0m[37mReactCompositeComponentWrapper._renderValidat[0m  [0m  [0m[37medComponentWithoutOwnerOrContext[0m
[0m  [0m  [0m[90m[comhoavang]/[react-dom]/lib/ReactCompositeComponent.js:795:25[0m
[0m  [0m
[0m  [0m[90m-[0m [0m[93mReactCompositeComponent.js[0m[90m:[0m[93m822[0m[37m [0m[37mReactCompositeComponentWrapper._renderValidat[0m  [0m  [0m[37medComponent[0m
[0m  [0m  [0m[90m[comhoavang]/[react-dom]/lib/ReactCompositeComponent.js:822:32[0m
[0m  [0m
[0m  [0m[90m-[0m [0m[93mReactCompositeComponent.js[0m[90m:[0m[93m362[0m[37m [0m[37mReactCompositeComponentWrapper.performInitial[0m  [0m  [0m[37mMount[0m
[0m  [0m  [0m[90m[comhoavang]/[react-dom]/lib/ReactCompositeComponent.js:362:30[0m
[0m  [0m
[0m  [0m[90m-[0m [0m[93mReactCompositeComponent.js[0m[90m:[0m[93m258[0m[37m [0m[37mReactCompositeComponentWrapper.mountComponent[0m  [0m  [0m[90m[comhoavang]/[react-dom]/lib/ReactCompositeComponent.js:258:21[0m
[0m  [0m
[0m  [0m[90m-[0m [0m[93mReactReconciler.js[0m[90m:[0m[93m46[0m[37m [0m[37mObject.mountComponent[0m
[0m  [0m  [0m[90m[comhoavang]/[react-dom]/lib/ReactReconciler.js:46:35[0m
[0m  [0m
[0m  [0m[90m-[0m [0m[93mReactMultiChild.js[0m[90m:[0m[93m238[0m[37m [0m[37mReactDOMComponent.mountChildren[0m
[0m  [0m  [0m[90m[comhoavang]/[react-dom]/lib/ReactMultiChild.js:238:44[0m
[0m  [0m
[0m  [0m[90m-[0m [0m[93mReactDOMComponent.js[0m[90m:[0m[93m653[0m[37m [0m[37mReactDOMComponent._createContentMarkup[0m
[0m  [0m  [0m[90m[comhoavang]/[react-dom]/lib/ReactDOMComponent.js:653:32[0m
[0m  [0m
[0m  [0m[90m-[0m [0m[93mReactDOMComponent.js[0m[90m:[0m[93m520[0m[37m [0m[37mReactDOMComponent.mountComponent[0m
[0m  [0m  [0m[90m[comhoavang]/[react-dom]/lib/ReactDOMComponent.js:520:29[0m
[0m  [0m
[0m  [0m[90m-[0m [0m[93mReactReconciler.js[0m[90m:[0m[93m46[0m[37m [0m[37mObject.mountComponent[0m
[0m  [0m  [0m[90m[comhoavang]/[react-dom]/lib/ReactReconciler.js:46:35[0m
[0m  [0m
[0m  [0m[90m-[0m [0m[93mReactMultiChild.js[0m[90m:[0m[93m238[0m[37m [0m[37mReactDOMComponent.mountChildren[0m
[0m  [0m  [0m[90m[comhoavang]/[react-dom]/lib/ReactMultiChild.js:238:44[0m
[0m  [0m
[0m  [0m[90m-[0m [0m[93mReactDOMComponent.js[0m[90m:[0m[93m653[0m[37m [0m[37mReactDOMComponent._createContentMarkup[0m
[0m  [0m  [0m[90m[comhoavang]/[react-dom]/lib/ReactDOMComponent.js:653:32[0m
[0m  [0m
[0m  [0m[90m-[0m [0m[93mReactDOMComponent.js[0m[90m:[0m[93m520[0m[37m [0m[37mReactDOMComponent.mountComponent[0m
[0m  [0m  [0m[90m[comhoavang]/[react-dom]/lib/ReactDOMComponent.js:520:29[0m
[0m  [0m
[0m  [0m[90m-[0m [0m[93mReactReconciler.js[0m[90m:[0m[93m46[0m[37m [0m[37mObject.mountComponent[0m
[0m  [0m  [0m[90m[comhoavang]/[react-dom]/lib/ReactReconciler.js:46:35[0m
[0m  [0m
[0m  [0m[90m-[0m [0m[93mReactMultiChild.js[0m[90m:[0m[93m238[0m[37m [0m[37mReactDOMComponent.mountChildren[0m
[0m  [0m  [0m[90m[comhoavang]/[react-dom]/lib/ReactMultiChild.js:238:44[0m
[0m  [0m
[0m  [0m[90m-[0m [0m[93mReactDOMComponent.js[0m[90m:[0m[93m653[0m[37m [0m[37mReactDOMComponent._createContentMarkup[0m
[0m  [0m  [0m[90m[comhoavang]/[react-dom]/lib/ReactDOMComponent.js:653:32[0m
[0m  [0m
[0m  [0m[90m-[0m [0m[93mReactDOMComponent.js[0m[90m:[0m[93m520[0m[37m [0m[37mReactDOMComponent.mountComponent[0m
[0m  [0m  [0m[90m[comhoavang]/[react-dom]/lib/ReactDOMComponent.js:520:29[0m
[0m  [0m
[0m  [0m[90m-[0m [0m[93mReactReconciler.js[0m[90m:[0m[93m46[0m[37m [0m[37mObject.mountComponent[0m
[0m  [0m  [0m[90m[comhoavang]/[react-dom]/lib/ReactReconciler.js:46:35[0m
[0m  [0m
[0m  [0m[90m-[0m [0m[93mReactCompositeComponent.js[0m[90m:[0m[93m371[0m[37m [0m[37mReactCompositeComponentWrapper.performInitial[0m  [0m  [0m[37mMount[0m
[0m  [0m  [0m[90m[comhoavang]/[react-dom]/lib/ReactCompositeComponent.js:371:34[0m
[0m  [0m
[0m
second
second
second
